<component name="libraryTable">
  <library name="junit4.0">
    <CLASSES>
      <root url="file://$PROJECT_DIR$/lib/junit.4.0" />
      <root url="file://$PROJECT_DIR$/lib/junit.4.0" />
    </CLASSES>
    <JAVADOC />
    <SOURCES>
      <root url="file://$PROJECT_DIR$/lib/junit.4.0" />
      <root url="file://$PROJECT_DIR$/lib/junit.4.0" />
    </SOURCES>
    <jarDirectory url="file://$PROJECT_DIR$/lib/junit.4.0" recursive="false" />
    <jarDirectory url="file://$PROJECT_DIR$/lib/junit.4.0" recursive="false" type="SOURCES" />
  </library>
</component>